<?xml version="1.0" encoding="UTF-8"?>
<coverage generated="1636025493604" clover="3.2.0">
  <project timestamp="1636025493604" name="All files">
    <metrics statements="13" coveredstatements="13" conditionals="5" coveredconditionals="5" methods="5" coveredmethods="5" elements="23" coveredelements="23" complexity="0" loc="13" ncloc="13" packages="5" files="5" classes="5"/>
    <package name="src.model.actionCreators">
      <metrics statements="2" coveredstatements="2" conditionals="0" coveredconditionals="0" methods="2" coveredmethods="2"/>
      <file name="actionCreators.js" path="/home/enzo-develop/Desktop/develop/WebDev/develop/portfolio/social-media-portfolio-app/src/model/actionCreators/actionCreators.js">
        <metrics statements="2" coveredstatements="2" conditionals="0" coveredconditionals="0" methods="2" coveredmethods="2"/>
        <line num="4" count="3" type="stmt"/>
        <line num="8" count="3" type="stmt"/>
      </file>
    </package>
    <package name="src.model.actionTypes">
      <metrics statements="1" coveredstatements="1" conditionals="0" coveredconditionals="0" methods="0" coveredmethods="0"/>
      <file name="actionTypes.js" path="/home/enzo-develop/Desktop/develop/WebDev/develop/portfolio/social-media-portfolio-app/src/model/actionTypes/actionTypes.js">
        <metrics statements="1" coveredstatements="1" conditionals="0" coveredconditionals="0" methods="0" coveredmethods="0"/>
        <line num="1" count="3" type="stmt"/>
      </file>
    </package>
    <package name="src.model.appliers">
      <metrics statements="2" coveredstatements="2" conditionals="0" coveredconditionals="0" methods="2" coveredmethods="2"/>
      <file name="loginReducerAppliers.js" path="/home/enzo-develop/Desktop/develop/WebDev/develop/portfolio/social-media-portfolio-app/src/model/appliers/loginReducerAppliers.js">
        <metrics statements="2" coveredstatements="2" conditionals="0" coveredconditionals="0" methods="2" coveredmethods="2"/>
        <line num="2" count="1" type="stmt"/>
        <line num="5" count="1" type="stmt"/>
      </file>
    </package>
    <package name="src.model.reducers">
      <metrics statements="5" coveredstatements="5" conditionals="5" coveredconditionals="5" methods="1" coveredmethods="1"/>
      <file name="reducers.js" path="/home/enzo-develop/Desktop/develop/WebDev/develop/portfolio/social-media-portfolio-app/src/model/reducers/reducers.js">
        <metrics statements="5" coveredstatements="5" conditionals="5" coveredconditionals="5" methods="1" coveredmethods="1"/>
        <line num="4" count="1" type="stmt"/>
        <line num="7" count="4" type="cond" truecount="3" falsecount="0"/>
        <line num="8" count="1" type="stmt"/>
        <line num="9" count="1" type="stmt"/>
        <line num="10" count="2" type="stmt"/>
      </file>
    </package>
    <package name="tests">
      <metrics statements="3" coveredstatements="3" conditionals="0" coveredconditionals="0" methods="0" coveredmethods="0"/>
      <file name="mockValues.js" path="/home/enzo-develop/Desktop/develop/WebDev/develop/portfolio/social-media-portfolio-app/tests/mockValues.js">
        <metrics statements="3" coveredstatements="3" conditionals="0" coveredconditionals="0" methods="0" coveredmethods="0"/>
        <line num="1" count="3" type="stmt"/>
        <line num="2" count="3" type="stmt"/>
        <line num="3" count="3" type="stmt"/>
      </file>
    </package>
  </project>
</coverage>
