{"/home/enzo-develop/Desktop/develop/WebDev/develop/portfolio/social-media-portfolio-app/src/model/actionCreators/actionCreators.js": {"path":"/home/enzo-develop/Desktop/develop/WebDev/develop/portfolio/social-media-portfolio-app/src/model/actionCreators/actionCreators.js","statementMap":{"0":{"start":{"line":5,"column":4},"end":{"line":5,"column":63}},"1":{"start":{"line":9,"column":4},"end":{"line":9,"column":63}},"2":{"start":{"line":13,"column":4},"end":{"line":13,"column":49}},"3":{"start":{"line":17,"column":4},"end":{"line":17,"column":66}},"4":{"start":{"line":20,"column":4},"end":{"line":20,"column":66}},"5":{"start":{"line":24,"column":4},"end":{"line":37,"column":5}},"6":{"start":{"line":25,"column":8},"end":{"line":25,"column":31}},"7":{"start":{"line":26,"column":8},"end":{"line":26,"column":39}},"8":{"start":{"line":27,"column":8},"end":{"line":36,"column":11}},"9":{"start":{"line":31,"column":26},"end":{"line":31,"column":34}},"10":{"start":{"line":32,"column":12},"end":{"line":32,"column":51}},"11":{"start":{"line":34,"column":33},"end":{"line":34,"column":52}},"12":{"start":{"line":35,"column":12},"end":{"line":35,"column":58}}},"fnMap":{"0":{"name":"doSetUsername","decl":{"start":{"line":4,"column":16},"end":{"line":4,"column":29}},"loc":{"start":{"line":4,"column":39},"end":{"line":6,"column":1}},"line":4},"1":{"name":"doSetPassword","decl":{"start":{"line":8,"column":16},"end":{"line":8,"column":29}},"loc":{"start":{"line":8,"column":39},"end":{"line":10,"column":1}},"line":8},"2":{"name":"doSendLoginRequest","decl":{"start":{"line":12,"column":16},"end":{"line":12,"column":34}},"loc":{"start":{"line":12,"column":36},"end":{"line":14,"column":1}},"line":12},"3":{"name":"doLoginRequestSuccess","decl":{"start":{"line":16,"column":16},"end":{"line":16,"column":37}},"loc":{"start":{"line":16,"column":44},"end":{"line":18,"column":1}},"line":16},"4":{"name":"doLoginRequestFailure","decl":{"start":{"line":19,"column":16},"end":{"line":19,"column":37}},"loc":{"start":{"line":19,"column":44},"end":{"line":21,"column":1}},"line":19},"5":{"name":"doSendUsernameAndPasswordThunk","decl":{"start":{"line":23,"column":16},"end":{"line":23,"column":46}},"loc":{"start":{"line":23,"column":73},"end":{"line":38,"column":1}},"line":23},"6":{"name":"(anonymous_6)","decl":{"start":{"line":24,"column":11},"end":{"line":24,"column":12}},"loc":{"start":{"line":24,"column":29},"end":{"line":37,"column":5}},"line":24},"7":{"name":"(anonymous_7)","decl":{"start":{"line":30,"column":16},"end":{"line":30,"column":17}},"loc":{"start":{"line":30,"column":25},"end":{"line":33,"column":9}},"line":30},"8":{"name":"(anonymous_8)","decl":{"start":{"line":33,"column":17},"end":{"line":33,"column":18}},"loc":{"start":{"line":33,"column":26},"end":{"line":36,"column":9}},"line":33}},"branchMap":{},"s":{"0":3,"1":3,"2":6,"3":4,"4":4,"5":3,"6":2,"7":2,"8":2,"9":1,"10":1,"11":1,"12":1},"f":{"0":3,"1":3,"2":6,"3":4,"4":4,"5":3,"6":2,"7":1,"8":1},"b":{},"_coverageSchema":"1a1c01bbd47fc00a2c39e90264f33305004495a9","hash":"ded14ca1595e7f0045ff7ad72093b9587d6d591c"}
,"/home/enzo-develop/Desktop/develop/WebDev/develop/portfolio/social-media-portfolio-app/src/model/actionTypes/actionTypes.js": {"path":"/home/enzo-develop/Desktop/develop/WebDev/develop/portfolio/social-media-portfolio-app/src/model/actionTypes/actionTypes.js","statementMap":{"0":{"start":{"line":1,"column":27},"end":{"line":7,"column":1}}},"fnMap":{},"branchMap":{},"s":{"0":5},"f":{},"b":{},"_coverageSchema":"1a1c01bbd47fc00a2c39e90264f33305004495a9","hash":"3754436fae936fe3202db47d74456ddc40b147d1"}
,"/home/enzo-develop/Desktop/develop/WebDev/develop/portfolio/social-media-portfolio-app/src/model/appliers/loginReducerAppliers.js": {"path":"/home/enzo-develop/Desktop/develop/WebDev/develop/portfolio/social-media-portfolio-app/src/model/appliers/loginReducerAppliers.js","statementMap":{"0":{"start":{"line":2,"column":4},"end":{"line":2,"column":48}},"1":{"start":{"line":5,"column":4},"end":{"line":5,"column":48}},"2":{"start":{"line":9,"column":4},"end":{"line":9,"column":17}},"3":{"start":{"line":13,"column":4},"end":{"line":13,"column":42}},"4":{"start":{"line":17,"column":4},"end":{"line":17,"column":42}}},"fnMap":{"0":{"name":"applySetUsername","decl":{"start":{"line":1,"column":16},"end":{"line":1,"column":32}},"loc":{"start":{"line":1,"column":46},"end":{"line":3,"column":1}},"line":1},"1":{"name":"applySetPassword","decl":{"start":{"line":4,"column":16},"end":{"line":4,"column":32}},"loc":{"start":{"line":4,"column":46},"end":{"line":6,"column":1}},"line":4},"2":{"name":"applySendLoginRequest","decl":{"start":{"line":8,"column":16},"end":{"line":8,"column":37}},"loc":{"start":{"line":8,"column":44},"end":{"line":10,"column":1}},"line":8},"3":{"name":"applyLoginRequestSuccess","decl":{"start":{"line":12,"column":16},"end":{"line":12,"column":40}},"loc":{"start":{"line":12,"column":54},"end":{"line":14,"column":1}},"line":12},"4":{"name":"applyLoginRequestFailure","decl":{"start":{"line":16,"column":16},"end":{"line":16,"column":40}},"loc":{"start":{"line":16,"column":54},"end":{"line":18,"column":1}},"line":16}},"branchMap":{},"s":{"0":1,"1":1,"2":1,"3":1,"4":1},"f":{"0":1,"1":1,"2":1,"3":1,"4":1},"b":{},"_coverageSchema":"1a1c01bbd47fc00a2c39e90264f33305004495a9","hash":"7afae7f63ab4a178f436877e2697f1c0cbd18463"}
,"/home/enzo-develop/Desktop/develop/WebDev/develop/portfolio/social-media-portfolio-app/src/model/reducers/reducers.js": {"path":"/home/enzo-develop/Desktop/develop/WebDev/develop/portfolio/social-media-portfolio-app/src/model/reducers/reducers.js","statementMap":{"0":{"start":{"line":4,"column":33},"end":{"line":4,"column":85}},"1":{"start":{"line":7,"column":4},"end":{"line":14,"column":5}},"2":{"start":{"line":8,"column":35},"end":{"line":8,"column":73}},"3":{"start":{"line":9,"column":35},"end":{"line":9,"column":73}},"4":{"start":{"line":10,"column":41},"end":{"line":10,"column":77}},"5":{"start":{"line":11,"column":44},"end":{"line":11,"column":90}},"6":{"start":{"line":12,"column":44},"end":{"line":12,"column":90}},"7":{"start":{"line":13,"column":13},"end":{"line":13,"column":26}}},"fnMap":{"0":{"name":"loginReducer","decl":{"start":{"line":6,"column":16},"end":{"line":6,"column":28}},"loc":{"start":{"line":6,"column":82},"end":{"line":15,"column":1}},"line":6}},"branchMap":{"0":{"loc":{"start":{"line":6,"column":29},"end":{"line":6,"column":61}},"type":"default-arg","locations":[{"start":{"line":6,"column":37},"end":{"line":6,"column":61}}],"line":6},"1":{"loc":{"start":{"line":6,"column":63},"end":{"line":6,"column":81}},"type":"default-arg","locations":[{"start":{"line":6,"column":72},"end":{"line":6,"column":81}}],"line":6},"2":{"loc":{"start":{"line":7,"column":4},"end":{"line":14,"column":5}},"type":"switch","locations":[{"start":{"line":8,"column":4},"end":{"line":8,"column":73}},{"start":{"line":9,"column":4},"end":{"line":9,"column":73}},{"start":{"line":10,"column":4},"end":{"line":10,"column":77}},{"start":{"line":11,"column":4},"end":{"line":11,"column":90}},{"start":{"line":12,"column":4},"end":{"line":12,"column":90}},{"start":{"line":13,"column":4},"end":{"line":13,"column":26}}],"line":7}},"s":{"0":1,"1":7,"2":1,"3":1,"4":1,"5":1,"6":1,"7":2},"f":{"0":7},"b":{"0":[1],"1":[1],"2":[1,1,1,1,1,2]},"_coverageSchema":"1a1c01bbd47fc00a2c39e90264f33305004495a9","hash":"dfef8a24e2c7a50f57ffcc26439d30c958106b46"}
,"/home/enzo-develop/Desktop/develop/WebDev/develop/portfolio/social-media-portfolio-app/src/view/Login/Login.jsx": {"path":"/home/enzo-develop/Desktop/develop/WebDev/develop/portfolio/social-media-portfolio-app/src/view/Login/Login.jsx","statementMap":{"0":{"start":{"line":11,"column":21},"end":{"line":34,"column":1}},"1":{"start":{"line":20,"column":4},"end":{"line":33,"column":6}},"2":{"start":{"line":36,"column":0},"end":{"line":43,"column":1}},"3":{"start":{"line":45,"column":23},"end":{"line":45,"column":84}}},"fnMap":{"0":{"name":"(anonymous_0)","decl":{"start":{"line":11,"column":21},"end":{"line":11,"column":22}},"loc":{"start":{"line":19,"column":6},"end":{"line":34,"column":1}},"line":19}},"branchMap":{},"s":{"0":1,"1":2,"2":1,"3":1},"f":{"0":2},"b":{},"_coverageSchema":"1a1c01bbd47fc00a2c39e90264f33305004495a9","hash":"ff0e27770fba400165948900d6f5db275becfd6a"}
,"/home/enzo-develop/Desktop/develop/WebDev/develop/portfolio/social-media-portfolio-app/src/view/Login/LoginError.jsx": {"path":"/home/enzo-develop/Desktop/develop/WebDev/develop/portfolio/social-media-portfolio-app/src/view/Login/LoginError.jsx","statementMap":{"0":{"start":{"line":4,"column":19},"end":{"line":10,"column":1}},"1":{"start":{"line":5,"column":4},"end":{"line":9,"column":6}},"2":{"start":{"line":12,"column":0},"end":{"line":14,"column":1}}},"fnMap":{"0":{"name":"(anonymous_0)","decl":{"start":{"line":4,"column":19},"end":{"line":4,"column":20}},"loc":{"start":{"line":4,"column":32},"end":{"line":10,"column":1}},"line":4}},"branchMap":{"0":{"loc":{"start":{"line":7,"column":13},"end":{"line":7,"column":45}},"type":"cond-expr","locations":[{"start":{"line":7,"column":21},"end":{"line":7,"column":39}},{"start":{"line":7,"column":41},"end":{"line":7,"column":45}}],"line":7}},"s":{"0":2,"1":2,"2":2},"f":{"0":2},"b":{"0":[1,1]},"_coverageSchema":"1a1c01bbd47fc00a2c39e90264f33305004495a9","hash":"db9dac3243fc12feac62d5ca504d62bcf4305767"}
,"/home/enzo-develop/Desktop/develop/WebDev/develop/portfolio/social-media-portfolio-app/src/view/Login/LoginFooter.jsx": {"path":"/home/enzo-develop/Desktop/develop/WebDev/develop/portfolio/social-media-portfolio-app/src/view/Login/LoginFooter.jsx","statementMap":{"0":{"start":{"line":4,"column":20},"end":{"line":10,"column":1}},"1":{"start":{"line":5,"column":4},"end":{"line":9,"column":6}}},"fnMap":{"0":{"name":"(anonymous_0)","decl":{"start":{"line":4,"column":20},"end":{"line":4,"column":21}},"loc":{"start":{"line":4,"column":26},"end":{"line":10,"column":1}},"line":4}},"branchMap":{},"s":{"0":2,"1":1},"f":{"0":1},"b":{},"_coverageSchema":"1a1c01bbd47fc00a2c39e90264f33305004495a9","hash":"e5cb4e5be415f0cabdb02abccc73a3ac852747be"}
,"/home/enzo-develop/Desktop/develop/WebDev/develop/portfolio/social-media-portfolio-app/src/view/Login/LoginForm.jsx": {"path":"/home/enzo-develop/Desktop/develop/WebDev/develop/portfolio/social-media-portfolio-app/src/view/Login/LoginForm.jsx","statementMap":{"0":{"start":{"line":5,"column":18},"end":{"line":21,"column":1}},"1":{"start":{"line":12,"column":4},"end":{"line":20,"column":6}},"2":{"start":{"line":23,"column":0},"end":{"line":29,"column":1}}},"fnMap":{"0":{"name":"(anonymous_0)","decl":{"start":{"line":5,"column":18},"end":{"line":5,"column":19}},"loc":{"start":{"line":11,"column":6},"end":{"line":21,"column":1}},"line":11}},"branchMap":{},"s":{"0":2,"1":1,"2":2},"f":{"0":1},"b":{},"_coverageSchema":"1a1c01bbd47fc00a2c39e90264f33305004495a9","hash":"31f69f15a1152e719cb75a108e634b95845bfc23"}
,"/home/enzo-develop/Desktop/develop/WebDev/develop/portfolio/social-media-portfolio-app/src/view/Login/LoginHeader.jsx": {"path":"/home/enzo-develop/Desktop/develop/WebDev/develop/portfolio/social-media-portfolio-app/src/view/Login/LoginHeader.jsx","statementMap":{"0":{"start":{"line":4,"column":20},"end":{"line":10,"column":1}},"1":{"start":{"line":5,"column":4},"end":{"line":9,"column":6}}},"fnMap":{"0":{"name":"(anonymous_0)","decl":{"start":{"line":4,"column":20},"end":{"line":4,"column":21}},"loc":{"start":{"line":4,"column":26},"end":{"line":10,"column":1}},"line":4}},"branchMap":{},"s":{"0":2,"1":1},"f":{"0":1},"b":{},"_coverageSchema":"1a1c01bbd47fc00a2c39e90264f33305004495a9","hash":"0de710e745ecbcf79c524b29d3c5908b3032b1fb"}
,"/home/enzo-develop/Desktop/develop/WebDev/develop/portfolio/social-media-portfolio-app/src/view/mappers/mappers.js": {"path":"/home/enzo-develop/Desktop/develop/WebDev/develop/portfolio/social-media-portfolio-app/src/view/mappers/mappers.js","statementMap":{"0":{"start":{"line":4,"column":4},"end":{"line":8,"column":6}},"1":{"start":{"line":5,"column":33},"end":{"line":5,"column":72}},"2":{"start":{"line":6,"column":33},"end":{"line":6,"column":72}},"3":{"start":{"line":7,"column":47},"end":{"line":7,"column":124}},"4":{"start":{"line":7,"column":58},"end":{"line":7,"column":124}},"5":{"start":{"line":11,"column":4},"end":{"line":11,"column":17}}},"fnMap":{"0":{"name":"mapLoginDispatchToProps","decl":{"start":{"line":3,"column":16},"end":{"line":3,"column":39}},"loc":{"start":{"line":3,"column":49},"end":{"line":9,"column":1}},"line":3},"1":{"name":"(anonymous_1)","decl":{"start":{"line":5,"column":26},"end":{"line":5,"column":27}},"loc":{"start":{"line":5,"column":33},"end":{"line":5,"column":72}},"line":5},"2":{"name":"(anonymous_2)","decl":{"start":{"line":6,"column":26},"end":{"line":6,"column":27}},"loc":{"start":{"line":6,"column":33},"end":{"line":6,"column":72}},"line":6},"3":{"name":"(anonymous_3)","decl":{"start":{"line":7,"column":23},"end":{"line":7,"column":24}},"loc":{"start":{"line":7,"column":47},"end":{"line":7,"column":124}},"line":7},"4":{"name":"(anonymous_4)","decl":{"start":{"line":7,"column":47},"end":{"line":7,"column":48}},"loc":{"start":{"line":7,"column":58},"end":{"line":7,"column":124}},"line":7},"5":{"name":"mapLoginStateToProps","decl":{"start":{"line":10,"column":16},"end":{"line":10,"column":36}},"loc":{"start":{"line":10,"column":43},"end":{"line":12,"column":1}},"line":10}},"branchMap":{},"s":{"0":5,"1":1,"2":1,"3":1,"4":1,"5":1},"f":{"0":5,"1":1,"2":1,"3":1,"4":1,"5":1},"b":{},"_coverageSchema":"1a1c01bbd47fc00a2c39e90264f33305004495a9","hash":"b0b47f1122d73a556bdb12b74f5e4d01cbdf67fd"}
,"/home/enzo-develop/Desktop/develop/WebDev/develop/portfolio/social-media-portfolio-app/tests/mockValues.js": {"path":"/home/enzo-develop/Desktop/develop/WebDev/develop/portfolio/social-media-portfolio-app/tests/mockValues.js","statementMap":{"0":{"start":{"line":1,"column":44},"end":{"line":1,"column":95}},"1":{"start":{"line":2,"column":28},"end":{"line":2,"column":38}},"2":{"start":{"line":3,"column":28},"end":{"line":3,"column":38}},"3":{"start":{"line":4,"column":31},"end":{"line":4,"column":37}},"4":{"start":{"line":5,"column":31},"end":{"line":5,"column":35}},"5":{"start":{"line":6,"column":25},"end":{"line":6,"column":37}},"6":{"start":{"line":7,"column":36},"end":{"line":7,"column":45}},"7":{"start":{"line":8,"column":36},"end":{"line":8,"column":45}},"8":{"start":{"line":9,"column":33},"end":{"line":9,"column":42}},"9":{"start":{"line":10,"column":25},"end":{"line":10,"column":80}},"10":{"start":{"line":11,"column":32},"end":{"line":11,"column":53}},"11":{"start":{"line":12,"column":25},"end":{"line":12,"column":57}}},"fnMap":{"0":{"name":"(anonymous_0)","decl":{"start":{"line":10,"column":71},"end":{"line":10,"column":72}},"loc":{"start":{"line":10,"column":77},"end":{"line":10,"column":79}},"line":10}},"branchMap":{},"s":{"0":7,"1":7,"2":7,"3":7,"4":7,"5":7,"6":7,"7":7,"8":7,"9":7,"10":7,"11":7},"f":{"0":2},"b":{},"_coverageSchema":"1a1c01bbd47fc00a2c39e90264f33305004495a9","hash":"282b564fb8629a63933eaee5ac204acd3b3e6a76"}
}
