TN:
SF:src/model/actionCreators/actionCreators.js
FN:4,doSetUsername
FN:8,doSetPassword
FN:12,doSendLoginRequest
FN:16,doLoginRequestSuccess
FN:19,doLoginRequestFailure
FN:23,doSendUsernameAndPasswordThunk
FN:24,(anonymous_6)
FN:29,(anonymous_7)
FN:32,(anonymous_8)
FNF:9
FNH:9
FNDA:3,doSetUsername
FNDA:3,doSetPassword
FNDA:5,doSendLoginRequest
FNDA:2,doLoginRequestSuccess
FNDA:2,doLoginRequestFailure
FNDA:3,doSendUsernameAndPasswordThunk
FNDA:2,(anonymous_6)
FNDA:1,(anonymous_7)
FNDA:1,(anonymous_8)
DA:5,3
DA:9,3
DA:13,5
DA:17,2
DA:20,2
DA:24,3
DA:25,2
DA:26,2
DA:30,1
DA:31,1
DA:33,1
DA:34,1
LF:12
LH:12
BRF:0
BRH:0
end_of_record
TN:
SF:src/model/actionTypes/actionTypes.js
FNF:0
FNH:0
DA:1,3
LF:1
LH:1
BRF:0
BRH:0
end_of_record
TN:
SF:src/model/appliers/loginReducerAppliers.js
FN:1,applySetUsername
FN:4,applySetPassword
FNF:2
FNH:2
FNDA:1,applySetUsername
FNDA:1,applySetPassword
DA:2,1
DA:5,1
LF:2
LH:2
BRF:0
BRH:0
end_of_record
TN:
SF:src/model/reducers/reducers.js
FN:6,loginReducer
FNF:1
FNH:1
FNDA:4,loginReducer
DA:4,1
DA:7,4
DA:8,1
DA:9,1
DA:10,2
LF:5
LH:5
BRDA:6,0,0,1
BRDA:6,1,0,1
BRDA:7,2,0,1
BRDA:7,2,1,1
BRDA:7,2,2,2
BRF:5
BRH:5
end_of_record
TN:
SF:tests/mockValues.js
FNF:0
FNH:0
DA:1,3
DA:2,3
DA:3,3
DA:4,3
DA:5,3
LF:5
LH:5
BRF:0
BRH:0
end_of_record
