TN:
SF:src/App.jsx
FN:6,(anonymous_0)
FNF:1
FNH:1
FNDA:1,(anonymous_0)
DA:6,1
DA:7,1
LF:2
LH:2
BRF:0
BRH:0
end_of_record
TN:
SF:src/helpers/Redirect.jsx
FN:5,(anonymous_0)
FNF:1
FNH:1
FNDA:2,(anonymous_0)
DA:5,3
DA:6,2
DA:9,3
LF:3
LH:3
BRDA:6,0,0,1
BRDA:6,0,1,1
BRF:2
BRH:2
end_of_record
TN:
SF:src/model/actionCreators/actionCreators.js
FN:4,doSetUsername
FN:8,doSetPassword
FN:12,doSendLoginRequest
FN:16,doLoginRequestSuccess
FN:19,doLoginRequestFailure
FN:23,doSendUsernameAndPasswordThunk
FN:24,(anonymous_6)
FN:30,(anonymous_7)
FN:33,(anonymous_8)
FN:40,doGetPostsRequest
FN:44,doGetPostsSuccess
FN:48,doGetPostsFailure
FN:52,doGetPostsThunk
FN:53,(anonymous_13)
FN:55,(anonymous_14)
FN:58,(anonymous_15)
FNF:16
FNH:16
FNDA:3,doSetUsername
FNDA:3,doSetPassword
FNDA:6,doSendLoginRequest
FNDA:4,doLoginRequestSuccess
FNDA:4,doLoginRequestFailure
FNDA:4,doSendUsernameAndPasswordThunk
FNDA:2,(anonymous_6)
FNDA:1,(anonymous_7)
FNDA:1,(anonymous_8)
FNDA:6,doGetPostsRequest
FNDA:5,doGetPostsSuccess
FNDA:5,doGetPostsFailure
FNDA:2,doGetPostsThunk
FNDA:2,(anonymous_13)
FNDA:1,(anonymous_14)
FNDA:1,(anonymous_15)
DA:5,3
DA:9,3
DA:13,6
DA:17,4
DA:20,4
DA:24,4
DA:25,2
DA:26,2
DA:27,2
DA:31,1
DA:32,1
DA:34,1
DA:35,1
DA:41,6
DA:45,5
DA:49,5
DA:53,2
DA:54,2
DA:55,2
DA:56,1
DA:57,1
DA:59,1
DA:60,1
LF:23
LH:23
BRF:0
BRH:0
end_of_record
TN:
SF:src/model/actionTypes/actionTypes.js
FNF:0
FNH:0
DA:1,6
LF:1
LH:1
BRF:0
BRH:0
end_of_record
TN:
SF:src/model/appliers/feedReducerAppliers.js
FN:1,applyGetPostsRequest
FN:5,applyGetPostsSuccess
FN:9,applyGetPostsFailure
FNF:3
FNH:3
FNDA:1,applyGetPostsRequest
FNDA:1,applyGetPostsSuccess
FNDA:1,applyGetPostsFailure
DA:2,1
DA:6,1
DA:10,1
LF:3
LH:3
BRF:0
BRH:0
end_of_record
TN:
SF:src/model/appliers/loginReducerAppliers.js
FN:1,applySetUsername
FN:4,applySetPassword
FN:8,applySendLoginRequest
FN:12,applyLoginRequestSuccess
FN:16,applyLoginRequestFailure
FNF:5
FNH:5
FNDA:1,applySetUsername
FNDA:1,applySetPassword
FNDA:1,applySendLoginRequest
FNDA:1,applyLoginRequestSuccess
FNDA:1,applyLoginRequestFailure
DA:2,1
DA:5,1
DA:9,1
DA:13,1
DA:17,1
LF:5
LH:5
BRF:0
BRH:0
end_of_record
TN:
SF:src/model/reducers/reducers.js
FN:7,loginReducer
FN:18,feedReducer
FNF:2
FNH:2
FNDA:7,loginReducer
FNDA:5,feedReducer
DA:5,1
DA:8,7
DA:9,1
DA:10,1
DA:11,1
DA:12,1
DA:13,1
DA:14,2
DA:19,5
DA:20,1
DA:21,1
DA:22,1
DA:23,2
LF:13
LH:13
BRDA:7,0,0,1
BRDA:7,1,0,1
BRDA:8,2,0,1
BRDA:8,2,1,1
BRDA:8,2,2,1
BRDA:8,2,3,1
BRDA:8,2,4,1
BRDA:8,2,5,2
BRDA:18,3,0,1
BRDA:18,4,0,1
BRDA:19,5,0,1
BRDA:19,5,1,1
BRDA:19,5,2,1
BRDA:19,5,3,2
BRF:14
BRH:14
end_of_record
TN:
SF:src/model/selectors/selectors.js
FN:1,loginStateSelector
FNF:1
FNH:1
FNDA:2,loginStateSelector
DA:2,2
LF:1
LH:1
BRF:0
BRH:0
end_of_record
TN:
SF:src/view/Feed/Feed.jsx
FN:3,(anonymous_0)
FNF:1
FNH:0
FNDA:0,(anonymous_0)
DA:3,1
DA:4,0
LF:2
LH:1
BRF:0
BRH:0
end_of_record
TN:
SF:src/view/Login/Login.jsx
FN:12,(anonymous_0)
FNF:1
FNH:1
FNDA:2,(anonymous_0)
DA:12,2
DA:21,2
DA:38,2
DA:48,2
LF:4
LH:4
BRF:0
BRH:0
end_of_record
TN:
SF:src/view/Login/LoginError.jsx
FN:5,(anonymous_0)
FNF:1
FNH:1
FNDA:2,(anonymous_0)
DA:5,3
DA:6,2
DA:13,3
LF:3
LH:3
BRDA:8,0,0,1
BRDA:8,0,1,1
BRF:2
BRH:2
end_of_record
TN:
SF:src/view/Login/LoginFooter.jsx
FN:4,(anonymous_0)
FNF:1
FNH:1
FNDA:1,(anonymous_0)
DA:4,3
DA:5,1
LF:2
LH:2
BRF:0
BRH:0
end_of_record
TN:
SF:src/view/Login/LoginForm.jsx
FN:5,(anonymous_0)
FNF:1
FNH:1
FNDA:1,(anonymous_0)
DA:5,3
DA:12,1
DA:23,3
LF:3
LH:3
BRF:0
BRH:0
end_of_record
TN:
SF:src/view/Login/LoginHeader.jsx
FN:4,(anonymous_0)
FNF:1
FNH:1
FNDA:1,(anonymous_0)
DA:4,3
DA:5,1
LF:2
LH:2
BRF:0
BRH:0
end_of_record
TN:
SF:src/view/mappers/mappers.js
FN:4,mapLoginDispatchToProps
FN:6,(anonymous_1)
FN:7,(anonymous_2)
FN:8,(anonymous_3)
FN:8,(anonymous_4)
FN:11,mapLoginStateToProps
FNF:6
FNH:6
FNDA:5,mapLoginDispatchToProps
FNDA:1,(anonymous_1)
FNDA:1,(anonymous_2)
FNDA:1,(anonymous_3)
FNDA:1,(anonymous_4)
FNDA:1,mapLoginStateToProps
DA:5,5
DA:6,1
DA:7,1
DA:8,1
DA:12,1
LF:5
LH:5
BRF:0
BRH:0
end_of_record
TN:
SF:tests/mockValues.js
FN:12,(anonymous_0)
FNF:1
FNH:1
FNDA:2,(anonymous_0)
DA:1,9
DA:2,9
DA:3,9
DA:4,9
DA:5,9
DA:6,9
DA:7,9
DA:8,9
DA:9,9
DA:10,9
DA:11,9
DA:12,9
DA:13,9
DA:14,9
DA:15,9
DA:16,9
LF:16
LH:16
BRF:0
BRH:0
end_of_record
